<?xml version="1.0" encoding="UTF-8"?>
<!-- Generated by org.testng.reporters.JUnitReportReporter -->
<testsuite skipped="0" hostname="LAPTOP-BN8E26I5" name="getCheck.GetRequest" tests="1" failures="0" timestamp="24 Jan 2021 05:52:23 GMT" time="2.316" errors="0">
  <testcase name="getcharitydetails" time="2.316" classname="getCheck.GetRequest"/>
</testsuite> <!-- getCheck.GetRequest -->
